<?xml version="1.0" encoding="UTF-8"?>
<!-- Generated by org.testng.reporters.JUnitReportReporter -->
<testsuite hostname="Dhanush8" failures="0" tests="3" name="com.yahoo.YahooTest" time="31.746" errors="0" timestamp="2023-04-11T23:16:52 IST" skipped="0">
  <testcase classname="com.yahoo.YahooTest" name="YH_001" time="14.599"/>
  <system-out/>
  <testcase classname="com.yahoo.YahooTest" name="YH_002" time="4.666"/>
  <system-out/>
  <testcase classname="com.yahoo.YahooTest" name="YH_003" time="12.481"/>
  <system-out/>
</testsuite> <!-- com.yahoo.YahooTest -->
